<?xml version="1.0" encoding="UTF-8"?>
<!-- Generated by org.testng.reporters.JUnitReportReporter -->
<testsuite skipped="0" hostname="vivekpankaraj" name="Object.Repo.Demo.Controller" tests="1" failures="0" timestamp="24 Nov 2018 11:36:09 GMT" time="43.711" errors="0">
  <testcase name="execution" time="43.711" classname="Object.Repo.Demo.Controller"/>
</testsuite> <!-- Object.Repo.Demo.Controller -->
